<?xml version="1.0" encoding="UTF-8"?>
<testsuite xmlns:xsi="http://www.w3.org/2001/XMLSchema-instance" xsi:noNamespaceSchemaLocation="https://maven.apache.org/surefire/maven-surefire-plugin/xsd/surefire-test-report.xsd" name="TestSuite" time="8.257" tests="4" errors="0" skipped="1" failures="2">
  <properties>
    <property name="sun.desktop" value="windows"/>
    <property name="awt.toolkit" value="sun.awt.windows.WToolkit"/>
    <property name="file.encoding.pkg" value="sun.io"/>
    <property name="java.specification.version" value="1.8"/>
    <property name="sun.cpu.isalist" value="amd64"/>
    <property name="sun.jnu.encoding" value="Cp1252"/>
    <property name="java.class.path" value="C:\Users\USER\Desktop\IntelliJ Workspace\EdukasyonBaseFramework\target\test-classes;C:\Users\USER\Desktop\IntelliJ Workspace\EdukasyonBaseFramework\target\classes;C:\Users\USER\.m2\repository\com\relevantcodes\extentreports\2.41.2\extentreports-2.41.2.jar;C:\Users\USER\.m2\repository\org\jsoup\jsoup\1.8.3\jsoup-1.8.3.jar;C:\Users\USER\.m2\repository\org\xerial\sqlite-jdbc\3.8.11.1\sqlite-jdbc-3.8.11.1.jar;C:\Users\USER\.m2\repository\org\freemarker\freemarker\2.3.23\freemarker-2.3.23.jar;C:\Users\USER\.m2\repository\org\mongodb\mongodb-driver\3.0.4\mongodb-driver-3.0.4.jar;C:\Users\USER\.m2\repository\org\mongodb\bson\3.0.4\bson-3.0.4.jar;C:\Users\USER\.m2\repository\org\mongodb\mongodb-driver-core\3.0.4\mongodb-driver-core-3.0.4.jar;C:\Users\USER\.m2\repository\org\seleniumhq\selenium\selenium-chrome-driver\3.7.1\selenium-chrome-driver-3.7.1.jar;C:\Users\USER\.m2\repository\org\seleniumhq\selenium\selenium-api\3.7.1\selenium-api-3.7.1.jar;C:\Users\USER\.m2\repository\org\seleniumhq\selenium\selenium-remote-driver\3.7.1\selenium-remote-driver-3.7.1.jar;C:\Users\USER\.m2\repository\net\bytebuddy\byte-buddy\1.7.5\byte-buddy-1.7.5.jar;C:\Users\USER\.m2\repository\org\apache\commons\commons-exec\1.3\commons-exec-1.3.jar;C:\Users\USER\.m2\repository\commons-codec\commons-codec\1.10\commons-codec-1.10.jar;C:\Users\USER\.m2\repository\commons-logging\commons-logging\1.2\commons-logging-1.2.jar;C:\Users\USER\.m2\repository\com\google\code\gson\gson\2.8.2\gson-2.8.2.jar;C:\Users\USER\.m2\repository\com\google\guava\guava\23.0\guava-23.0.jar;C:\Users\USER\.m2\repository\com\google\code\findbugs\jsr305\1.3.9\jsr305-1.3.9.jar;C:\Users\USER\.m2\repository\com\google\errorprone\error_prone_annotations\2.0.18\error_prone_annotations-2.0.18.jar;C:\Users\USER\.m2\repository\com\google\j2objc\j2objc-annotations\1.1\j2objc-annotations-1.1.jar;C:\Users\USER\.m2\repository\org\codehaus\mojo\animal-sniffer-annotations\1.14\animal-sniffer-annotations-1.14.jar;C:\Users\USER\.m2\repository\org\apache\httpcomponents\httpclient\4.5.3\httpclient-4.5.3.jar;C:\Users\USER\.m2\repository\org\apache\httpcomponents\httpcore\4.4.6\httpcore-4.4.6.jar;C:\Users\USER\.m2\repository\org\seleniumhq\selenium\selenium-firefox-driver\3.7.1\selenium-firefox-driver-3.7.1.jar;C:\Users\USER\.m2\repository\org\seleniumhq\selenium\selenium-ie-driver\3.7.1\selenium-ie-driver-3.7.1.jar;C:\Users\USER\.m2\repository\org\seleniumhq\selenium\selenium-htmlunit-driver\2.52.0\selenium-htmlunit-driver-2.52.0.jar;C:\Users\USER\.m2\repository\net\sourceforge\htmlunit\htmlunit\2.18\htmlunit-2.18.jar;C:\Users\USER\.m2\repository\net\sourceforge\htmlunit\htmlunit-core-js\2.17\htmlunit-core-js-2.17.jar;C:\Users\USER\.m2\repository\net\sourceforge\nekohtml\nekohtml\1.9.22\nekohtml-1.9.22.jar;C:\Users\USER\.m2\repository\net\sourceforge\cssparser\cssparser\0.9.16\cssparser-0.9.16.jar;C:\Users\USER\.m2\repository\org\w3c\css\sac\1.3\sac-1.3.jar;C:\Users\USER\.m2\repository\org\eclipse\jetty\websocket\websocket-client\9.2.12.v20150709\websocket-client-9.2.12.v20150709.jar;C:\Users\USER\.m2\repository\org\eclipse\jetty\jetty-util\9.2.12.v20150709\jetty-util-9.2.12.v20150709.jar;C:\Users\USER\.m2\repository\org\eclipse\jetty\jetty-io\9.2.12.v20150709\jetty-io-9.2.12.v20150709.jar;C:\Users\USER\.m2\repository\org\eclipse\jetty\websocket\websocket-common\9.2.12.v20150709\websocket-common-9.2.12.v20150709.jar;C:\Users\USER\.m2\repository\org\eclipse\jetty\websocket\websocket-api\9.2.12.v20150709\websocket-api-9.2.12.v20150709.jar;C:\Users\USER\.m2\repository\commons-collections\commons-collections\3.2.2\commons-collections-3.2.2.jar;C:\Users\USER\.m2\repository\org\seleniumhq\selenium\selenium-support\3.7.1\selenium-support-3.7.1.jar;C:\Users\USER\.m2\repository\junit\junit\4.12\junit-4.12.jar;C:\Users\USER\.m2\repository\org\hamcrest\hamcrest-core\1.3\hamcrest-core-1.3.jar;C:\Users\USER\.m2\repository\org\testng\testng\6.11\testng-6.11.jar;C:\Users\USER\.m2\repository\com\beust\jcommander\1.64\jcommander-1.64.jar;C:\Users\USER\.m2\repository\org\yaml\snakeyaml\1.17\snakeyaml-1.17.jar;C:\Users\USER\.m2\repository\net\sourceforge\jexcelapi\jxl\2.6.12\jxl-2.6.12.jar;C:\Users\USER\.m2\repository\log4j\log4j\1.2.14\log4j-1.2.14.jar;C:\Users\USER\.m2\repository\org\apache\poi\poi-ooxml\3.17\poi-ooxml-3.17.jar;C:\Users\USER\.m2\repository\org\apache\poi\poi-ooxml-schemas\3.17\poi-ooxml-schemas-3.17.jar;C:\Users\USER\.m2\repository\org\apache\xmlbeans\xmlbeans\2.6.0\xmlbeans-2.6.0.jar;C:\Users\USER\.m2\repository\stax\stax-api\1.0.1\stax-api-1.0.1.jar;C:\Users\USER\.m2\repository\com\github\virtuald\curvesapi\1.04\curvesapi-1.04.jar;C:\Users\USER\.m2\repository\org\apache\poi\poi\3.17\poi-3.17.jar;C:\Users\USER\.m2\repository\org\apache\commons\commons-collections4\4.1\commons-collections4-4.1.jar;C:\Users\USER\.m2\repository\org\apache\jmeter\ApacheJMeter_java\4.0\ApacheJMeter_java-4.0.jar;C:\Users\USER\.m2\repository\org\ow2\asm\asm\6.0\asm-6.0.jar;C:\Users\USER\.m2\repository\net\minidev\accessors-smart\1.2\accessors-smart-1.2.jar;C:\Users\USER\.m2\repository\bsf\bsf\2.4.0\bsf-2.4.0.jar;C:\Users\USER\.m2\repository\org\bouncycastle\bcmail-jdk15on\1.49\bcmail-jdk15on-1.49.jar;C:\Users\USER\.m2\repository\org\bouncycastle\bcprov-jdk15on\1.49\bcprov-jdk15on-1.49.jar;C:\Users\USER\.m2\repository\org\bouncycastle\bcpkix-jdk15on\1.49\bcpkix-jdk15on-1.49.jar;C:\Users\USER\.m2\repository\org\brotli\dec\0.1.2\dec-0.1.2.jar;C:\Users\USER\.m2\repository\com\github\ben-manes\caffeine\caffeine\2.6.1\caffeine-2.6.1.jar;C:\Users\USER\.m2\repository\org\apache\commons\commons-dbcp2\2.2.0\commons-dbcp2-2.2.0.jar;C:\Users\USER\.m2\repository\commons-io\commons-io\2.6\commons-io-2.6.jar;C:\Users\USER\.m2\repository\org\apache\commons\commons-jexl\2.1.1\commons-jexl-2.1.1.jar;C:\Users\USER\.m2\repository\org\apache\commons\commons-jexl3\3.1\commons-jexl3-3.1.jar;C:\Users\USER\.m2\repository\org\apache\commons\commons-lang3\3.7\commons-lang3-3.7.jar;C:\Users\USER\.m2\repository\org\apache\commons\commons-math3\3.6.1\commons-math3-3.6.1.jar;C:\Users\USER\.m2\repository\commons-net\commons-net\3.6\commons-net-3.6.jar;C:\Users\USER\.m2\repository\org\apache\commons\commons-pool2\2.5.0\commons-pool2-2.5.0.jar;C:\Users\USER\.m2\repository\dnsjava\dnsjava\2.1.8\dnsjava-2.1.8.jar;C:\Users\USER\.m2\repository\org\codehaus\groovy\groovy-all\2.4.13\groovy-all-2.4.13.jar;C:\Users\USER\.m2\repository\org\apache\httpcomponents\httpasyncclient\4.1.3\httpasyncclient-4.1.3.jar;C:\Users\USER\.m2\repository\org\apache\httpcomponents\httpmime\4.5.5\httpmime-4.5.5.jar;C:\Users\USER\.m2\repository\org\apache\httpcomponents\httpcore-nio\4.4.9\httpcore-nio-4.4.9.jar;C:\Users\USER\.m2\repository\oro\oro\2.0.8\oro-2.0.8.jar;C:\Users\USER\.m2\repository\jcharts\jcharts\0.7.5\jcharts-0.7.5.jar;C:\Users\USER\.m2\repository\org\mozilla\rhino\1.7.7.2\rhino-1.7.7.2.jar;C:\Users\USER\.m2\repository\net\sf\jtidy\jtidy\r938\jtidy-r938.jar;C:\Users\USER\.m2\repository\org\apache\tika\tika-core\1.17\tika-core-1.17.jar;C:\Users\USER\.m2\repository\org\apache\tika\tika-parsers\1.17\tika-parsers-1.17.jar;C:\Users\USER\.m2\repository\org\gagravarr\vorbis-java-tika\0.8\vorbis-java-tika-0.8.jar;C:\Users\USER\.m2\repository\com\healthmarketscience\jackcess\jackcess\2.1.8\jackcess-2.1.8.jar;C:\Users\USER\.m2\repository\commons-lang\commons-lang\2.6\commons-lang-2.6.jar;C:\Users\USER\.m2\repository\com\healthmarketscience\jackcess\jackcess-encrypt\2.1.2\jackcess-encrypt-2.1.2.jar;C:\Users\USER\.m2\repository\org\tallison\jmatio\1.2\jmatio-1.2.jar;C:\Users\USER\.m2\repository\org\apache\james\apache-mime4j-core\0.8.1\apache-mime4j-core-0.8.1.jar;C:\Users\USER\.m2\repository\org\apache\james\apache-mime4j-dom\0.8.1\apache-mime4j-dom-0.8.1.jar;C:\Users\USER\.m2\repository\org\apache\commons\commons-compress\1.14\commons-compress-1.14.jar;C:\Users\USER\.m2\repository\org\tukaani\xz\1.6\xz-1.6.jar;C:\Users\USER\.m2\repository\org\apache\pdfbox\pdfbox-tools\2.0.8\pdfbox-tools-2.0.8.jar;C:\Users\USER\.m2\repository\org\apache\poi\poi-scratchpad\3.17\poi-scratchpad-3.17.jar;C:\Users\USER\.m2\repository\org\ccil\cowan\tagsoup\tagsoup\1.2.1\tagsoup-1.2.1.jar;C:\Users\USER\.m2\repository\com\googlecode\mp4parser\isoparser\1.1.18\isoparser-1.1.18.jar;C:\Users\USER\.m2\repository\com\drewnoakes\metadata-extractor\2.10.1\metadata-extractor-2.10.1.jar;C:\Users\USER\.m2\repository\com\adobe\xmp\xmpcore\5.1.3\xmpcore-5.1.3.jar;C:\Users\USER\.m2\repository\de\l3s\boilerpipe\boilerpipe\1.1.0\boilerpipe-1.1.0.jar;C:\Users\USER\.m2\repository\com\rometools\rome\1.5.1\rome-1.5.1.jar;C:\Users\USER\.m2\repository\com\rometools\rome-utils\1.5.1\rome-utils-1.5.1.jar;C:\Users\USER\.m2\repository\org\gagravarr\vorbis-java-core\0.8\vorbis-java-core-0.8.jar;C:\Users\USER\.m2\repository\com\googlecode\juniversalchardet\juniversalchardet\1.0.3\juniversalchardet-1.0.3.jar;C:\Users\USER\.m2\repository\org\codelibs\jhighlight\1.0.2\jhighlight-1.0.2.jar;C:\Users\USER\.m2\repository\com\pff\java-libpst\0.8.1\java-libpst-0.8.1.jar;C:\Users\USER\.m2\repository\com\github\junrar\junrar\0.7\junrar-0.7.jar;C:\Users\USER\.m2\repository\org\apache\cxf\cxf-rt-rs-client\3.0.16\cxf-rt-rs-client-3.0.16.jar;C:\Users\USER\.m2\repository\org\apache\cxf\cxf-rt-transports-http\3.0.16\cxf-rt-transports-http-3.0.16.jar;C:\Users\USER\.m2\repository\org\apache\cxf\cxf-core\3.0.16\cxf-core-3.0.16.jar;C:\Users\USER\.m2\repository\org\codehaus\woodstox\woodstox-core-asl\4.4.1\woodstox-core-asl-4.4.1.jar;C:\Users\USER\.m2\repository\org\codehaus\woodstox\stax2-api\3.1.4\stax2-api-3.1.4.jar;C:\Users\USER\.m2\repository\org\apache\ws\xmlschema\xmlschema-core\2.2.2\xmlschema-core-2.2.2.jar;C:\Users\USER\.m2\repository\org\apache\cxf\cxf-rt-frontend-jaxrs\3.0.16\cxf-rt-frontend-jaxrs-3.0.16.jar;C:\Users\USER\.m2\repository\javax\ws\rs\javax.ws.rs-api\2.0.1\javax.ws.rs-api-2.0.1.jar;C:\Users\USER\.m2\repository\javax\annotation\javax.annotation-api\1.2\javax.annotation-api-1.2.jar;C:\Users\USER\.m2\repository\org\apache\opennlp\opennlp-tools\1.8.3\opennlp-tools-1.8.3.jar;C:\Users\USER\.m2\repository\com\googlecode\json-simple\json-simple\1.1.1\json-simple-1.1.1.jar;C:\Users\USER\.m2\repository\com\tdunning\json\1.8\json-1.8.jar;C:\Users\USER\.m2\repository\org\slf4j\jul-to-slf4j\1.7.24\jul-to-slf4j-1.7.24.jar;C:\Users\USER\.m2\repository\edu\ucar\netcdf4\4.5.5\netcdf4-4.5.5.jar;C:\Users\USER\.m2\repository\net\jcip\jcip-annotations\1.0\jcip-annotations-1.0.jar;C:\Users\USER\.m2\repository\net\java\dev\jna\jna\4.1.0\jna-4.1.0.jar;C:\Users\USER\.m2\repository\edu\ucar\grib\4.5.5\grib-4.5.5.jar;C:\Users\USER\.m2\repository\com\google\protobuf\protobuf-java\2.5.0\protobuf-java-2.5.0.jar;C:\Users\USER\.m2\repository\org\jdom\jdom2\2.0.4\jdom2-2.0.4.jar;C:\Users\USER\.m2\repository\org\itadaki\bzip2\0.9.1\bzip2-0.9.1.jar;C:\Users\USER\.m2\repository\edu\ucar\cdm\4.5.5\cdm-4.5.5.jar;C:\Users\USER\.m2\repository\edu\ucar\udunits\4.5.5\udunits-4.5.5.jar;C:\Users\USER\.m2\repository\joda-time\joda-time\2.2\joda-time-2.2.jar;C:\Users\USER\.m2\repository\org\quartz-scheduler\quartz\2.2.0\quartz-2.2.0.jar;C:\Users\USER\.m2\repository\c3p0\c3p0\0.9.1.1\c3p0-0.9.1.1.jar;C:\Users\USER\.m2\repository\net\sf\ehcache\ehcache-core\2.6.2\ehcache-core-2.6.2.jar;C:\Users\USER\.m2\repository\edu\ucar\httpservices\4.5.5\httpservices-4.5.5.jar;C:\Users\USER\.m2\repository\org\apache\commons\commons-csv\1.0\commons-csv-1.0.jar;C:\Users\USER\.m2\repository\org\apache\sis\core\sis-utility\0.6\sis-utility-0.6.jar;C:\Users\USER\.m2\repository\org\apache\sis\storage\sis-netcdf\0.6\sis-netcdf-0.6.jar;C:\Users\USER\.m2\repository\org\apache\sis\storage\sis-storage\0.6\sis-storage-0.6.jar;C:\Users\USER\.m2\repository\org\apache\sis\core\sis-referencing\0.6\sis-referencing-0.6.jar;C:\Users\USER\.m2\repository\org\apache\sis\core\sis-metadata\0.6\sis-metadata-0.6.jar;C:\Users\USER\.m2\repository\org\opengis\geoapi\3.0.0\geoapi-3.0.0.jar;C:\Users\USER\.m2\repository\javax\measure\jsr-275\0.9.3\jsr-275-0.9.3.jar;C:\Users\USER\.m2\repository\edu\usc\ir\sentiment-analysis-parser\0.1\sentiment-analysis-parser-0.1.jar;C:\Users\USER\.m2\repository\com\fasterxml\jackson\core\jackson-core\2.9.2\jackson-core-2.9.2.jar;C:\Users\USER\.m2\repository\com\thoughtworks\xstream\xstream\1.4.10\xstream-1.4.10.jar;C:\Users\USER\.m2\repository\xmlpull\xmlpull\1.1.3.1\xmlpull-1.1.3.1.jar;C:\Users\USER\.m2\repository\xpp3\xpp3_min\1.1.4c\xpp3_min-1.1.4c.jar;C:\Users\USER\.m2\repository\xalan\xalan\2.7.2\xalan-2.7.2.jar;C:\Users\USER\.m2\repository\xalan\serializer\2.7.2\serializer-2.7.2.jar;C:\Users\USER\.m2\repository\xerces\xercesImpl\2.11.0\xercesImpl-2.11.0.jar;C:\Users\USER\.m2\repository\xml-apis\xml-apis\1.4.01\xml-apis-1.4.01.jar;C:\Users\USER\.m2\repository\org\apache\xmlgraphics\xmlgraphics-commons\2.2\xmlgraphics-commons-2.2.jar;C:\Users\USER\.m2\repository\javax\mail\mail\1.5.0-b01\mail-1.5.0-b01.jar;C:\Users\USER\.m2\repository\org\apache\geronimo\specs\geronimo-jms_1.1_spec\1.1.1\geronimo-jms_1.1_spec-1.1.1.jar;C:\Users\USER\.m2\repository\com\jayway\jsonpath\json-path\2.4.0\json-path-2.4.0.jar;C:\Users\USER\.m2\repository\net\minidev\json-smart\2.3\json-smart-2.3.jar;C:\Users\USER\.m2\repository\org\jodd\jodd-core\4.1.4\jodd-core-4.1.4.jar;C:\Users\USER\.m2\repository\org\jodd\jodd-lagarto\4.1.4\jodd-lagarto-4.1.4.jar;C:\Users\USER\.m2\repository\org\jodd\jodd-log\4.1.4\jodd-log-4.1.4.jar;C:\Users\USER\.m2\repository\org\jodd\jodd-props\4.1.4\jodd-props-4.1.4.jar;C:\Users\USER\.m2\repository\org\mongodb\mongo-java-driver\2.11.3\mongo-java-driver-2.11.3.jar;C:\Users\USER\.m2\repository\com\helger\ph-css\6.0.0\ph-css-6.0.0.jar;C:\Users\USER\.m2\repository\com\helger\ph-commons\9.0.0\ph-commons-9.0.0.jar;C:\Users\USER\.m2\repository\com\fifesoft\rsyntaxtextarea\2.6.1\rsyntaxtextarea-2.6.1.jar;C:\Users\USER\.m2\repository\org\slf4j\slf4j-ext\1.7.25\slf4j-ext-1.7.25.jar;C:\Users\USER\.m2\repository\org\slf4j\jcl-over-slf4j\1.7.25\jcl-over-slf4j-1.7.25.jar;C:\Users\USER\.m2\repository\org\apache\jmeter\ApacheJMeter_core\4.0\ApacheJMeter_core-4.0.jar;C:\Users\USER\.m2\repository\org\apache\jmeter\ApacheJMeter_http\4.0\ApacheJMeter_http-4.0.jar;C:\Users\USER\.m2\repository\org\apache\jmeter\jorphan\4.0\jorphan-4.0.jar;C:\Users\USER\.m2\repository\org\apache\jmeter\ApacheJMeter_components\4.0\ApacheJMeter_components-4.0.jar;C:\Users\USER\.m2\repository\org\apache\pdfbox\pdfbox\1.8.13\pdfbox-1.8.13.jar;C:\Users\USER\.m2\repository\org\apache\pdfbox\fontbox\1.8.13\fontbox-1.8.13.jar;C:\Users\USER\.m2\repository\org\apache\pdfbox\jempbox\1.8.13\jempbox-1.8.13.jar;C:\Users\USER\.m2\repository\com\jcraft\jsch\0.1.54\jsch-0.1.54.jar;C:\Users\USER\.m2\repository\net\sf\opencsv\opencsv\2.3\opencsv-2.3.jar;C:\Users\USER\.m2\repository\com\sun\mail\javax.mail\1.6.0\javax.mail-1.6.0.jar;C:\Users\USER\.m2\repository\javax\activation\activation\1.1\activation-1.1.jar;C:\Users\USER\.m2\repository\org\ostermiller\utils\1.07.00\utils-1.07.00.jar;C:\Users\USER\.m2\repository\mysql\mysql-connector-java\6.0.6\mysql-connector-java-6.0.6.jar;C:\Users\USER\.m2\repository\com\microsoft\sqlserver\mssql-jdbc\6.3.4.jre8-preview\mssql-jdbc-6.3.4.jre8-preview.jar;C:\Users\USER\.m2\repository\org\json\json\20171018\json-20171018.jar;C:\Users\USER\.m2\repository\org\apache-extras\beanshell\bsh\2.0b6\bsh-2.0b6.jar;C:\Users\USER\.m2\repository\org\apache\logging\log4j\log4j-api\2.9.1\log4j-api-2.9.1.jar;C:\Users\USER\.m2\repository\org\apache\logging\log4j\log4j-core\2.9.1\log4j-core-2.9.1.jar;C:\Users\USER\.m2\repository\org\apache\logging\log4j\log4j-jcl\2.9.1\log4j-jcl-2.9.1.jar;C:\Users\USER\.m2\repository\org\apache\logging\log4j\log4j-jul\2.9.1\log4j-jul-2.9.1.jar;C:\Users\USER\.m2\repository\org\apache\logging\log4j\log4j-iostreams\2.9.1\log4j-iostreams-2.9.1.jar;C:\Users\USER\.m2\repository\org\slf4j\slf4j-api\1.8.0-beta0\slf4j-api-1.8.0-beta0.jar;C:\Users\USER\.m2\repository\org\slf4j\slf4j-simple\1.8.0-beta0\slf4j-simple-1.8.0-beta0.jar;C:\Users\USER\.m2\repository\com\github\stephenc\monte\monte-screen-recorder\0.7.7.0\monte-screen-recorder-0.7.7.0.jar;C:\Users\USER\.m2\repository\com\aimmac23\selenium-video-node\2.4\selenium-video-node-2.4.jar;C:\Users\USER\.m2\repository\com\amazonaws\aws-java-sdk-s3\1.11.172\aws-java-sdk-s3-1.11.172.jar;C:\Users\USER\.m2\repository\com\amazonaws\aws-java-sdk-kms\1.11.172\aws-java-sdk-kms-1.11.172.jar;C:\Users\USER\.m2\repository\com\amazonaws\aws-java-sdk-core\1.11.172\aws-java-sdk-core-1.11.172.jar;C:\Users\USER\.m2\repository\software\amazon\ion\ion-java\1.0.2\ion-java-1.0.2.jar;C:\Users\USER\.m2\repository\com\fasterxml\jackson\core\jackson-databind\2.6.7.1\jackson-databind-2.6.7.1.jar;C:\Users\USER\.m2\repository\com\fasterxml\jackson\core\jackson-annotations\2.6.0\jackson-annotations-2.6.0.jar;C:\Users\USER\.m2\repository\com\fasterxml\jackson\dataformat\jackson-dataformat-cbor\2.6.7\jackson-dataformat-cbor-2.6.7.jar;C:\Users\USER\.m2\repository\com\amazonaws\jmespath-java\1.11.172\jmespath-java-1.11.172.jar;C:\Users\USER\.m2\repository\javax\xml\bind\jaxb-api\2.2.11\jaxb-api-2.2.11.jar;C:\Users\USER\.m2\repository\org\apache\maven\surefire\surefire-testng-utils\2.20.1\surefire-testng-utils-2.20.1.jar;C:\Users\USER\.m2\repository\org\apache\maven\surefire\surefire-grouper\2.20.1\surefire-grouper-2.20.1.jar;"/>
    <property name="java.vm.vendor" value="Oracle Corporation"/>
    <property name="sun.arch.data.model" value="64"/>
    <property name="user.variant" value=""/>
    <property name="java.vendor.url" value="http://java.oracle.com/"/>
    <property name="user.timezone" value=""/>
    <property name="java.vm.specification.version" value="1.8"/>
    <property name="os.name" value="Windows 10"/>
    <property name="user.country" value="PH"/>
    <property name="sun.java.launcher" value="SUN_STANDARD"/>
    <property name="sun.boot.library.path" value="C:\Program Files\Java\jdk1.8.0_231\jre\bin"/>
    <property name="sun.java.command" value="C:\Users\USER\AppData\Local\Temp\surefire7282675342564377825\surefirebooter9060174029313384362.jar C:\Users\USER\AppData\Local\Temp\surefire7282675342564377825 2019-12-05T22-22-52_534-jvmRun1 surefire7171638502520382273tmp surefire_07319502566426503037tmp"/>
    <property name="surefire.test.class.path" value="C:\Users\USER\Desktop\IntelliJ Workspace\EdukasyonBaseFramework\target\test-classes;C:\Users\USER\Desktop\IntelliJ Workspace\EdukasyonBaseFramework\target\classes;C:\Users\USER\.m2\repository\com\relevantcodes\extentreports\2.41.2\extentreports-2.41.2.jar;C:\Users\USER\.m2\repository\org\jsoup\jsoup\1.8.3\jsoup-1.8.3.jar;C:\Users\USER\.m2\repository\org\xerial\sqlite-jdbc\3.8.11.1\sqlite-jdbc-3.8.11.1.jar;C:\Users\USER\.m2\repository\org\freemarker\freemarker\2.3.23\freemarker-2.3.23.jar;C:\Users\USER\.m2\repository\org\mongodb\mongodb-driver\3.0.4\mongodb-driver-3.0.4.jar;C:\Users\USER\.m2\repository\org\mongodb\bson\3.0.4\bson-3.0.4.jar;C:\Users\USER\.m2\repository\org\mongodb\mongodb-driver-core\3.0.4\mongodb-driver-core-3.0.4.jar;C:\Users\USER\.m2\repository\org\seleniumhq\selenium\selenium-chrome-driver\3.7.1\selenium-chrome-driver-3.7.1.jar;C:\Users\USER\.m2\repository\org\seleniumhq\selenium\selenium-api\3.7.1\selenium-api-3.7.1.jar;C:\Users\USER\.m2\repository\org\seleniumhq\selenium\selenium-remote-driver\3.7.1\selenium-remote-driver-3.7.1.jar;C:\Users\USER\.m2\repository\net\bytebuddy\byte-buddy\1.7.5\byte-buddy-1.7.5.jar;C:\Users\USER\.m2\repository\org\apache\commons\commons-exec\1.3\commons-exec-1.3.jar;C:\Users\USER\.m2\repository\commons-codec\commons-codec\1.10\commons-codec-1.10.jar;C:\Users\USER\.m2\repository\commons-logging\commons-logging\1.2\commons-logging-1.2.jar;C:\Users\USER\.m2\repository\com\google\code\gson\gson\2.8.2\gson-2.8.2.jar;C:\Users\USER\.m2\repository\com\google\guava\guava\23.0\guava-23.0.jar;C:\Users\USER\.m2\repository\com\google\code\findbugs\jsr305\1.3.9\jsr305-1.3.9.jar;C:\Users\USER\.m2\repository\com\google\errorprone\error_prone_annotations\2.0.18\error_prone_annotations-2.0.18.jar;C:\Users\USER\.m2\repository\com\google\j2objc\j2objc-annotations\1.1\j2objc-annotations-1.1.jar;C:\Users\USER\.m2\repository\org\codehaus\mojo\animal-sniffer-annotations\1.14\animal-sniffer-annotations-1.14.jar;C:\Users\USER\.m2\repository\org\apache\httpcomponents\httpclient\4.5.3\httpclient-4.5.3.jar;C:\Users\USER\.m2\repository\org\apache\httpcomponents\httpcore\4.4.6\httpcore-4.4.6.jar;C:\Users\USER\.m2\repository\org\seleniumhq\selenium\selenium-firefox-driver\3.7.1\selenium-firefox-driver-3.7.1.jar;C:\Users\USER\.m2\repository\org\seleniumhq\selenium\selenium-ie-driver\3.7.1\selenium-ie-driver-3.7.1.jar;C:\Users\USER\.m2\repository\org\seleniumhq\selenium\selenium-htmlunit-driver\2.52.0\selenium-htmlunit-driver-2.52.0.jar;C:\Users\USER\.m2\repository\net\sourceforge\htmlunit\htmlunit\2.18\htmlunit-2.18.jar;C:\Users\USER\.m2\repository\net\sourceforge\htmlunit\htmlunit-core-js\2.17\htmlunit-core-js-2.17.jar;C:\Users\USER\.m2\repository\net\sourceforge\nekohtml\nekohtml\1.9.22\nekohtml-1.9.22.jar;C:\Users\USER\.m2\repository\net\sourceforge\cssparser\cssparser\0.9.16\cssparser-0.9.16.jar;C:\Users\USER\.m2\repository\org\w3c\css\sac\1.3\sac-1.3.jar;C:\Users\USER\.m2\repository\org\eclipse\jetty\websocket\websocket-client\9.2.12.v20150709\websocket-client-9.2.12.v20150709.jar;C:\Users\USER\.m2\repository\org\eclipse\jetty\jetty-util\9.2.12.v20150709\jetty-util-9.2.12.v20150709.jar;C:\Users\USER\.m2\repository\org\eclipse\jetty\jetty-io\9.2.12.v20150709\jetty-io-9.2.12.v20150709.jar;C:\Users\USER\.m2\repository\org\eclipse\jetty\websocket\websocket-common\9.2.12.v20150709\websocket-common-9.2.12.v20150709.jar;C:\Users\USER\.m2\repository\org\eclipse\jetty\websocket\websocket-api\9.2.12.v20150709\websocket-api-9.2.12.v20150709.jar;C:\Users\USER\.m2\repository\commons-collections\commons-collections\3.2.2\commons-collections-3.2.2.jar;C:\Users\USER\.m2\repository\org\seleniumhq\selenium\selenium-support\3.7.1\selenium-support-3.7.1.jar;C:\Users\USER\.m2\repository\junit\junit\4.12\junit-4.12.jar;C:\Users\USER\.m2\repository\org\hamcrest\hamcrest-core\1.3\hamcrest-core-1.3.jar;C:\Users\USER\.m2\repository\org\testng\testng\6.11\testng-6.11.jar;C:\Users\USER\.m2\repository\com\beust\jcommander\1.64\jcommander-1.64.jar;C:\Users\USER\.m2\repository\org\yaml\snakeyaml\1.17\snakeyaml-1.17.jar;C:\Users\USER\.m2\repository\net\sourceforge\jexcelapi\jxl\2.6.12\jxl-2.6.12.jar;C:\Users\USER\.m2\repository\log4j\log4j\1.2.14\log4j-1.2.14.jar;C:\Users\USER\.m2\repository\org\apache\poi\poi-ooxml\3.17\poi-ooxml-3.17.jar;C:\Users\USER\.m2\repository\org\apache\poi\poi-ooxml-schemas\3.17\poi-ooxml-schemas-3.17.jar;C:\Users\USER\.m2\repository\org\apache\xmlbeans\xmlbeans\2.6.0\xmlbeans-2.6.0.jar;C:\Users\USER\.m2\repository\stax\stax-api\1.0.1\stax-api-1.0.1.jar;C:\Users\USER\.m2\repository\com\github\virtuald\curvesapi\1.04\curvesapi-1.04.jar;C:\Users\USER\.m2\repository\org\apache\poi\poi\3.17\poi-3.17.jar;C:\Users\USER\.m2\repository\org\apache\commons\commons-collections4\4.1\commons-collections4-4.1.jar;C:\Users\USER\.m2\repository\org\apache\jmeter\ApacheJMeter_java\4.0\ApacheJMeter_java-4.0.jar;C:\Users\USER\.m2\repository\org\ow2\asm\asm\6.0\asm-6.0.jar;C:\Users\USER\.m2\repository\net\minidev\accessors-smart\1.2\accessors-smart-1.2.jar;C:\Users\USER\.m2\repository\bsf\bsf\2.4.0\bsf-2.4.0.jar;C:\Users\USER\.m2\repository\org\bouncycastle\bcmail-jdk15on\1.49\bcmail-jdk15on-1.49.jar;C:\Users\USER\.m2\repository\org\bouncycastle\bcprov-jdk15on\1.49\bcprov-jdk15on-1.49.jar;C:\Users\USER\.m2\repository\org\bouncycastle\bcpkix-jdk15on\1.49\bcpkix-jdk15on-1.49.jar;C:\Users\USER\.m2\repository\org\brotli\dec\0.1.2\dec-0.1.2.jar;C:\Users\USER\.m2\repository\com\github\ben-manes\caffeine\caffeine\2.6.1\caffeine-2.6.1.jar;C:\Users\USER\.m2\repository\org\apache\commons\commons-dbcp2\2.2.0\commons-dbcp2-2.2.0.jar;C:\Users\USER\.m2\repository\commons-io\commons-io\2.6\commons-io-2.6.jar;C:\Users\USER\.m2\repository\org\apache\commons\commons-jexl\2.1.1\commons-jexl-2.1.1.jar;C:\Users\USER\.m2\repository\org\apache\commons\commons-jexl3\3.1\commons-jexl3-3.1.jar;C:\Users\USER\.m2\repository\org\apache\commons\commons-lang3\3.7\commons-lang3-3.7.jar;C:\Users\USER\.m2\repository\org\apache\commons\commons-math3\3.6.1\commons-math3-3.6.1.jar;C:\Users\USER\.m2\repository\commons-net\commons-net\3.6\commons-net-3.6.jar;C:\Users\USER\.m2\repository\org\apache\commons\commons-pool2\2.5.0\commons-pool2-2.5.0.jar;C:\Users\USER\.m2\repository\dnsjava\dnsjava\2.1.8\dnsjava-2.1.8.jar;C:\Users\USER\.m2\repository\org\codehaus\groovy\groovy-all\2.4.13\groovy-all-2.4.13.jar;C:\Users\USER\.m2\repository\org\apache\httpcomponents\httpasyncclient\4.1.3\httpasyncclient-4.1.3.jar;C:\Users\USER\.m2\repository\org\apache\httpcomponents\httpmime\4.5.5\httpmime-4.5.5.jar;C:\Users\USER\.m2\repository\org\apache\httpcomponents\httpcore-nio\4.4.9\httpcore-nio-4.4.9.jar;C:\Users\USER\.m2\repository\oro\oro\2.0.8\oro-2.0.8.jar;C:\Users\USER\.m2\repository\jcharts\jcharts\0.7.5\jcharts-0.7.5.jar;C:\Users\USER\.m2\repository\org\mozilla\rhino\1.7.7.2\rhino-1.7.7.2.jar;C:\Users\USER\.m2\repository\net\sf\jtidy\jtidy\r938\jtidy-r938.jar;C:\Users\USER\.m2\repository\org\apache\tika\tika-core\1.17\tika-core-1.17.jar;C:\Users\USER\.m2\repository\org\apache\tika\tika-parsers\1.17\tika-parsers-1.17.jar;C:\Users\USER\.m2\repository\org\gagravarr\vorbis-java-tika\0.8\vorbis-java-tika-0.8.jar;C:\Users\USER\.m2\repository\com\healthmarketscience\jackcess\jackcess\2.1.8\jackcess-2.1.8.jar;C:\Users\USER\.m2\repository\commons-lang\commons-lang\2.6\commons-lang-2.6.jar;C:\Users\USER\.m2\repository\com\healthmarketscience\jackcess\jackcess-encrypt\2.1.2\jackcess-encrypt-2.1.2.jar;C:\Users\USER\.m2\repository\org\tallison\jmatio\1.2\jmatio-1.2.jar;C:\Users\USER\.m2\repository\org\apache\james\apache-mime4j-core\0.8.1\apache-mime4j-core-0.8.1.jar;C:\Users\USER\.m2\repository\org\apache\james\apache-mime4j-dom\0.8.1\apache-mime4j-dom-0.8.1.jar;C:\Users\USER\.m2\repository\org\apache\commons\commons-compress\1.14\commons-compress-1.14.jar;C:\Users\USER\.m2\repository\org\tukaani\xz\1.6\xz-1.6.jar;C:\Users\USER\.m2\repository\org\apache\pdfbox\pdfbox-tools\2.0.8\pdfbox-tools-2.0.8.jar;C:\Users\USER\.m2\repository\org\apache\poi\poi-scratchpad\3.17\poi-scratchpad-3.17.jar;C:\Users\USER\.m2\repository\org\ccil\cowan\tagsoup\tagsoup\1.2.1\tagsoup-1.2.1.jar;C:\Users\USER\.m2\repository\com\googlecode\mp4parser\isoparser\1.1.18\isoparser-1.1.18.jar;C:\Users\USER\.m2\repository\com\drewnoakes\metadata-extractor\2.10.1\metadata-extractor-2.10.1.jar;C:\Users\USER\.m2\repository\com\adobe\xmp\xmpcore\5.1.3\xmpcore-5.1.3.jar;C:\Users\USER\.m2\repository\de\l3s\boilerpipe\boilerpipe\1.1.0\boilerpipe-1.1.0.jar;C:\Users\USER\.m2\repository\com\rometools\rome\1.5.1\rome-1.5.1.jar;C:\Users\USER\.m2\repository\com\rometools\rome-utils\1.5.1\rome-utils-1.5.1.jar;C:\Users\USER\.m2\repository\org\gagravarr\vorbis-java-core\0.8\vorbis-java-core-0.8.jar;C:\Users\USER\.m2\repository\com\googlecode\juniversalchardet\juniversalchardet\1.0.3\juniversalchardet-1.0.3.jar;C:\Users\USER\.m2\repository\org\codelibs\jhighlight\1.0.2\jhighlight-1.0.2.jar;C:\Users\USER\.m2\repository\com\pff\java-libpst\0.8.1\java-libpst-0.8.1.jar;C:\Users\USER\.m2\repository\com\github\junrar\junrar\0.7\junrar-0.7.jar;C:\Users\USER\.m2\repository\org\apache\cxf\cxf-rt-rs-client\3.0.16\cxf-rt-rs-client-3.0.16.jar;C:\Users\USER\.m2\repository\org\apache\cxf\cxf-rt-transports-http\3.0.16\cxf-rt-transports-http-3.0.16.jar;C:\Users\USER\.m2\repository\org\apache\cxf\cxf-core\3.0.16\cxf-core-3.0.16.jar;C:\Users\USER\.m2\repository\org\codehaus\woodstox\woodstox-core-asl\4.4.1\woodstox-core-asl-4.4.1.jar;C:\Users\USER\.m2\repository\org\codehaus\woodstox\stax2-api\3.1.4\stax2-api-3.1.4.jar;C:\Users\USER\.m2\repository\org\apache\ws\xmlschema\xmlschema-core\2.2.2\xmlschema-core-2.2.2.jar;C:\Users\USER\.m2\repository\org\apache\cxf\cxf-rt-frontend-jaxrs\3.0.16\cxf-rt-frontend-jaxrs-3.0.16.jar;C:\Users\USER\.m2\repository\javax\ws\rs\javax.ws.rs-api\2.0.1\javax.ws.rs-api-2.0.1.jar;C:\Users\USER\.m2\repository\javax\annotation\javax.annotation-api\1.2\javax.annotation-api-1.2.jar;C:\Users\USER\.m2\repository\org\apache\opennlp\opennlp-tools\1.8.3\opennlp-tools-1.8.3.jar;C:\Users\USER\.m2\repository\com\googlecode\json-simple\json-simple\1.1.1\json-simple-1.1.1.jar;C:\Users\USER\.m2\repository\com\tdunning\json\1.8\json-1.8.jar;C:\Users\USER\.m2\repository\org\slf4j\jul-to-slf4j\1.7.24\jul-to-slf4j-1.7.24.jar;C:\Users\USER\.m2\repository\edu\ucar\netcdf4\4.5.5\netcdf4-4.5.5.jar;C:\Users\USER\.m2\repository\net\jcip\jcip-annotations\1.0\jcip-annotations-1.0.jar;C:\Users\USER\.m2\repository\net\java\dev\jna\jna\4.1.0\jna-4.1.0.jar;C:\Users\USER\.m2\repository\edu\ucar\grib\4.5.5\grib-4.5.5.jar;C:\Users\USER\.m2\repository\com\google\protobuf\protobuf-java\2.5.0\protobuf-java-2.5.0.jar;C:\Users\USER\.m2\repository\org\jdom\jdom2\2.0.4\jdom2-2.0.4.jar;C:\Users\USER\.m2\repository\org\itadaki\bzip2\0.9.1\bzip2-0.9.1.jar;C:\Users\USER\.m2\repository\edu\ucar\cdm\4.5.5\cdm-4.5.5.jar;C:\Users\USER\.m2\repository\edu\ucar\udunits\4.5.5\udunits-4.5.5.jar;C:\Users\USER\.m2\repository\joda-time\joda-time\2.2\joda-time-2.2.jar;C:\Users\USER\.m2\repository\org\quartz-scheduler\quartz\2.2.0\quartz-2.2.0.jar;C:\Users\USER\.m2\repository\c3p0\c3p0\0.9.1.1\c3p0-0.9.1.1.jar;C:\Users\USER\.m2\repository\net\sf\ehcache\ehcache-core\2.6.2\ehcache-core-2.6.2.jar;C:\Users\USER\.m2\repository\edu\ucar\httpservices\4.5.5\httpservices-4.5.5.jar;C:\Users\USER\.m2\repository\org\apache\commons\commons-csv\1.0\commons-csv-1.0.jar;C:\Users\USER\.m2\repository\org\apache\sis\core\sis-utility\0.6\sis-utility-0.6.jar;C:\Users\USER\.m2\repository\org\apache\sis\storage\sis-netcdf\0.6\sis-netcdf-0.6.jar;C:\Users\USER\.m2\repository\org\apache\sis\storage\sis-storage\0.6\sis-storage-0.6.jar;C:\Users\USER\.m2\repository\org\apache\sis\core\sis-referencing\0.6\sis-referencing-0.6.jar;C:\Users\USER\.m2\repository\org\apache\sis\core\sis-metadata\0.6\sis-metadata-0.6.jar;C:\Users\USER\.m2\repository\org\opengis\geoapi\3.0.0\geoapi-3.0.0.jar;C:\Users\USER\.m2\repository\javax\measure\jsr-275\0.9.3\jsr-275-0.9.3.jar;C:\Users\USER\.m2\repository\edu\usc\ir\sentiment-analysis-parser\0.1\sentiment-analysis-parser-0.1.jar;C:\Users\USER\.m2\repository\com\fasterxml\jackson\core\jackson-core\2.9.2\jackson-core-2.9.2.jar;C:\Users\USER\.m2\repository\com\thoughtworks\xstream\xstream\1.4.10\xstream-1.4.10.jar;C:\Users\USER\.m2\repository\xmlpull\xmlpull\1.1.3.1\xmlpull-1.1.3.1.jar;C:\Users\USER\.m2\repository\xpp3\xpp3_min\1.1.4c\xpp3_min-1.1.4c.jar;C:\Users\USER\.m2\repository\xalan\xalan\2.7.2\xalan-2.7.2.jar;C:\Users\USER\.m2\repository\xalan\serializer\2.7.2\serializer-2.7.2.jar;C:\Users\USER\.m2\repository\xerces\xercesImpl\2.11.0\xercesImpl-2.11.0.jar;C:\Users\USER\.m2\repository\xml-apis\xml-apis\1.4.01\xml-apis-1.4.01.jar;C:\Users\USER\.m2\repository\org\apache\xmlgraphics\xmlgraphics-commons\2.2\xmlgraphics-commons-2.2.jar;C:\Users\USER\.m2\repository\javax\mail\mail\1.5.0-b01\mail-1.5.0-b01.jar;C:\Users\USER\.m2\repository\org\apache\geronimo\specs\geronimo-jms_1.1_spec\1.1.1\geronimo-jms_1.1_spec-1.1.1.jar;C:\Users\USER\.m2\repository\com\jayway\jsonpath\json-path\2.4.0\json-path-2.4.0.jar;C:\Users\USER\.m2\repository\net\minidev\json-smart\2.3\json-smart-2.3.jar;C:\Users\USER\.m2\repository\org\jodd\jodd-core\4.1.4\jodd-core-4.1.4.jar;C:\Users\USER\.m2\repository\org\jodd\jodd-lagarto\4.1.4\jodd-lagarto-4.1.4.jar;C:\Users\USER\.m2\repository\org\jodd\jodd-log\4.1.4\jodd-log-4.1.4.jar;C:\Users\USER\.m2\repository\org\jodd\jodd-props\4.1.4\jodd-props-4.1.4.jar;C:\Users\USER\.m2\repository\org\mongodb\mongo-java-driver\2.11.3\mongo-java-driver-2.11.3.jar;C:\Users\USER\.m2\repository\com\helger\ph-css\6.0.0\ph-css-6.0.0.jar;C:\Users\USER\.m2\repository\com\helger\ph-commons\9.0.0\ph-commons-9.0.0.jar;C:\Users\USER\.m2\repository\com\fifesoft\rsyntaxtextarea\2.6.1\rsyntaxtextarea-2.6.1.jar;C:\Users\USER\.m2\repository\org\slf4j\slf4j-ext\1.7.25\slf4j-ext-1.7.25.jar;C:\Users\USER\.m2\repository\org\slf4j\jcl-over-slf4j\1.7.25\jcl-over-slf4j-1.7.25.jar;C:\Users\USER\.m2\repository\org\apache\jmeter\ApacheJMeter_core\4.0\ApacheJMeter_core-4.0.jar;C:\Users\USER\.m2\repository\org\apache\jmeter\ApacheJMeter_http\4.0\ApacheJMeter_http-4.0.jar;C:\Users\USER\.m2\repository\org\apache\jmeter\jorphan\4.0\jorphan-4.0.jar;C:\Users\USER\.m2\repository\org\apache\jmeter\ApacheJMeter_components\4.0\ApacheJMeter_components-4.0.jar;C:\Users\USER\.m2\repository\org\apache\pdfbox\pdfbox\1.8.13\pdfbox-1.8.13.jar;C:\Users\USER\.m2\repository\org\apache\pdfbox\fontbox\1.8.13\fontbox-1.8.13.jar;C:\Users\USER\.m2\repository\org\apache\pdfbox\jempbox\1.8.13\jempbox-1.8.13.jar;C:\Users\USER\.m2\repository\com\jcraft\jsch\0.1.54\jsch-0.1.54.jar;C:\Users\USER\.m2\repository\net\sf\opencsv\opencsv\2.3\opencsv-2.3.jar;C:\Users\USER\.m2\repository\com\sun\mail\javax.mail\1.6.0\javax.mail-1.6.0.jar;C:\Users\USER\.m2\repository\javax\activation\activation\1.1\activation-1.1.jar;C:\Users\USER\.m2\repository\org\ostermiller\utils\1.07.00\utils-1.07.00.jar;C:\Users\USER\.m2\repository\mysql\mysql-connector-java\6.0.6\mysql-connector-java-6.0.6.jar;C:\Users\USER\.m2\repository\com\microsoft\sqlserver\mssql-jdbc\6.3.4.jre8-preview\mssql-jdbc-6.3.4.jre8-preview.jar;C:\Users\USER\.m2\repository\org\json\json\20171018\json-20171018.jar;C:\Users\USER\.m2\repository\org\apache-extras\beanshell\bsh\2.0b6\bsh-2.0b6.jar;C:\Users\USER\.m2\repository\org\apache\logging\log4j\log4j-api\2.9.1\log4j-api-2.9.1.jar;C:\Users\USER\.m2\repository\org\apache\logging\log4j\log4j-core\2.9.1\log4j-core-2.9.1.jar;C:\Users\USER\.m2\repository\org\apache\logging\log4j\log4j-jcl\2.9.1\log4j-jcl-2.9.1.jar;C:\Users\USER\.m2\repository\org\apache\logging\log4j\log4j-jul\2.9.1\log4j-jul-2.9.1.jar;C:\Users\USER\.m2\repository\org\apache\logging\log4j\log4j-iostreams\2.9.1\log4j-iostreams-2.9.1.jar;C:\Users\USER\.m2\repository\org\slf4j\slf4j-api\1.8.0-beta0\slf4j-api-1.8.0-beta0.jar;C:\Users\USER\.m2\repository\org\slf4j\slf4j-simple\1.8.0-beta0\slf4j-simple-1.8.0-beta0.jar;C:\Users\USER\.m2\repository\com\github\stephenc\monte\monte-screen-recorder\0.7.7.0\monte-screen-recorder-0.7.7.0.jar;C:\Users\USER\.m2\repository\com\aimmac23\selenium-video-node\2.4\selenium-video-node-2.4.jar;C:\Users\USER\.m2\repository\com\amazonaws\aws-java-sdk-s3\1.11.172\aws-java-sdk-s3-1.11.172.jar;C:\Users\USER\.m2\repository\com\amazonaws\aws-java-sdk-kms\1.11.172\aws-java-sdk-kms-1.11.172.jar;C:\Users\USER\.m2\repository\com\amazonaws\aws-java-sdk-core\1.11.172\aws-java-sdk-core-1.11.172.jar;C:\Users\USER\.m2\repository\software\amazon\ion\ion-java\1.0.2\ion-java-1.0.2.jar;C:\Users\USER\.m2\repository\com\fasterxml\jackson\core\jackson-databind\2.6.7.1\jackson-databind-2.6.7.1.jar;C:\Users\USER\.m2\repository\com\fasterxml\jackson\core\jackson-annotations\2.6.0\jackson-annotations-2.6.0.jar;C:\Users\USER\.m2\repository\com\fasterxml\jackson\dataformat\jackson-dataformat-cbor\2.6.7\jackson-dataformat-cbor-2.6.7.jar;C:\Users\USER\.m2\repository\com\amazonaws\jmespath-java\1.11.172\jmespath-java-1.11.172.jar;C:\Users\USER\.m2\repository\javax\xml\bind\jaxb-api\2.2.11\jaxb-api-2.2.11.jar;C:\Users\USER\.m2\repository\org\apache\maven\surefire\surefire-testng-utils\2.20.1\surefire-testng-utils-2.20.1.jar;C:\Users\USER\.m2\repository\org\apache\maven\surefire\surefire-grouper\2.20.1\surefire-grouper-2.20.1.jar;"/>
    <property name="sun.cpu.endian" value="little"/>
    <property name="browser.instance" value="chrome"/>
    <property name="user.home" value="C:\Users\USER"/>
    <property name="user.language" value="en"/>
    <property name="java.specification.vendor" value="Oracle Corporation"/>
    <property name="java.home" value="C:\Program Files\Java\jdk1.8.0_231\jre"/>
    <property name="basedir" value="C:\Users\USER\Desktop\IntelliJ Workspace\EdukasyonBaseFramework"/>
    <property name="file.separator" value="\"/>
    <property name="line.separator" value="&#10;"/>
    <property name="java.vm.specification.vendor" value="Oracle Corporation"/>
    <property name="java.specification.name" value="Java Platform API Specification"/>
    <property name="java.awt.graphicsenv" value="sun.awt.Win32GraphicsEnvironment"/>
    <property name="surefire.real.class.path" value="C:\Users\USER\AppData\Local\Temp\surefire7282675342564377825\surefirebooter9060174029313384362.jar"/>
    <property name="sun.boot.class.path" value="C:\Program Files\Java\jdk1.8.0_231\jre\lib\resources.jar;C:\Program Files\Java\jdk1.8.0_231\jre\lib\rt.jar;C:\Program Files\Java\jdk1.8.0_231\jre\lib\sunrsasign.jar;C:\Program Files\Java\jdk1.8.0_231\jre\lib\jsse.jar;C:\Program Files\Java\jdk1.8.0_231\jre\lib\jce.jar;C:\Program Files\Java\jdk1.8.0_231\jre\lib\charsets.jar;C:\Program Files\Java\jdk1.8.0_231\jre\lib\jfr.jar;C:\Program Files\Java\jdk1.8.0_231\jre\classes"/>
    <property name="user.script" value=""/>
    <property name="sun.management.compiler" value="HotSpot 64-Bit Tiered Compilers"/>
    <property name="java.runtime.version" value="1.8.0_231-b11"/>
    <property name="user.name" value="USER"/>
    <property name="path.separator" value=";"/>
    <property name="os.version" value="10.0"/>
    <property name="java.endorsed.dirs" value="C:\Program Files\Java\jdk1.8.0_231\jre\lib\endorsed"/>
    <property name="java.runtime.name" value="Java(TM) SE Runtime Environment"/>
    <property name="file.encoding" value="Cp1252"/>
    <property name="webdriver.base.url" value="http://xx.xx.xx.xx/wd/hub"/>
    <property name="java.vm.name" value="Java HotSpot(TM) 64-Bit Server VM"/>
    <property name="localRepository" value="C:\Users\USER\.m2\repository"/>
    <property name="java.vendor.url.bug" value="http://bugreport.sun.com/bugreport/"/>
    <property name="java.io.tmpdir" value="C:\Users\USER\AppData\Local\Temp\"/>
    <property name="java.version" value="1.8.0_231"/>
    <property name="user.dir" value="C:\Users\USER\Desktop\IntelliJ Workspace\EdukasyonBaseFramework"/>
    <property name="os.arch" value="amd64"/>
    <property name="java.vm.specification.name" value="Java Virtual Machine Specification"/>
    <property name="java.awt.printerjob" value="sun.awt.windows.WPrinterJob"/>
    <property name="sun.os.patch.level" value=""/>
    <property name="environment" value="Demo"/>
    <property name="java.library.path" value="C:\Program Files\Java\jdk1.8.0_231\jre\bin;C:\Windows\Sun\Java\bin;C:\Windows\system32;C:\Windows;C:\Program Files (x86)\Common Files\Oracle\Java\javapath;C:\Windows\system32;C:\Windows;C:\Windows\System32\Wbem;C:\Windows\System32\WindowsPowerShell\v1.0\;C:\Windows\System32\OpenSSH\;C:\Users\USER\AppData\Local\Microsoft\WindowsApps;;."/>
    <property name="java.vm.info" value="mixed mode"/>
    <property name="java.vendor" value="Oracle Corporation"/>
    <property name="java.vm.version" value="25.231-b11"/>
    <property name="idea.version2019.3" value="true"/>
    <property name="java.ext.dirs" value="C:\Program Files\Java\jdk1.8.0_231\jre\lib\ext;C:\Windows\Sun\Java\lib\ext"/>
    <property name="sun.io.unicode.encoding" value="UnicodeLittle"/>
    <property name="java.class.version" value="52.0"/>
  </properties>
  <testcase name="initialize" classname="com.clock.SalariumClockInAndOut" time="4.376"/>
  <testcase name="populateFields" classname="com.clock.SalariumClockInAndOut" time="1.047">
    <failure message="no such window: target window already closed&#10;from unknown error: web view not found&#10;  (Session info: chrome=78.0.3904.108)&#10;Build info: version: &apos;3.7.1&apos;, revision: &apos;8a0099a&apos;, time: &apos;2017-11-06T21:01:39.354Z&apos;&#10;System info: host: &apos;DESKTOP-U6EV2CA&apos;, ip: &apos;10.60.0.85&apos;, os.name: &apos;Windows 10&apos;, os.arch: &apos;amd64&apos;, os.version: &apos;10.0&apos;, java.version: &apos;1.8.0_231&apos;&#10;Driver info: org.openqa.selenium.chrome.ChromeDriver&#10;Capabilities {acceptInsecureCerts: true, browserName: chrome, browserVersion: 78.0.3904.108, chrome: {chromedriverVersion: 78.0.3904.70 (edb9c9f3de024..., userDataDir: C:\Users\USER\AppData\Local...}, goog:chromeOptions: {debuggerAddress: localhost:50043}, javascriptEnabled: true, networkConnectionEnabled: false, pageLoadStrategy: normal, platform: XP, platformName: XP, proxy: Proxy(), setWindowRect: true, strictFileInteractability: false, timeouts: {implicit: 0, pageLoad: 300000, script: 30000}, unhandledPromptBehavior: dismiss and notify}&#10;Session ID: 5835911d1024648acd934be8fd061430" type="org.openqa.selenium.NoSuchWindowException">org.openqa.selenium.NoSuchWindowException: 
no such window: target window already closed
from unknown error: web view not found
  (Session info: chrome=78.0.3904.108)
Build info: version: '3.7.1', revision: '8a0099a', time: '2017-11-06T21:01:39.354Z'
System info: host: 'DESKTOP-U6EV2CA', ip: '10.60.0.85', os.name: 'Windows 10', os.arch: 'amd64', os.version: '10.0', java.version: '1.8.0_231'
Driver info: org.openqa.selenium.chrome.ChromeDriver
Capabilities {acceptInsecureCerts: true, browserName: chrome, browserVersion: 78.0.3904.108, chrome: {chromedriverVersion: 78.0.3904.70 (edb9c9f3de024..., userDataDir: C:\Users\USER\AppData\Local...}, goog:chromeOptions: {debuggerAddress: localhost:50043}, javascriptEnabled: true, networkConnectionEnabled: false, pageLoadStrategy: normal, platform: XP, platformName: XP, proxy: Proxy(), setWindowRect: true, strictFileInteractability: false, timeouts: {implicit: 0, pageLoad: 300000, script: 30000}, unhandledPromptBehavior: dismiss and notify}
Session ID: 5835911d1024648acd934be8fd061430
	at com.clock.SalariumClockInAndOut.populateFields(SalariumClockInAndOut.java:19)
</failure>
    <system-out><![CDATA[2019-12-05 22:23:00 - [Screenshot:] Passed_initialize_051219222300.png
2019-12-05 22:23:02 - [Log:] chrome instance closed.
]]></system-out>
  </testcase>
  <testcase name="afterMethod" classname="com.clock.SalariumClockInAndOut" time="1.063">
    <failure message="no such window: target window already closed&#10;from unknown error: web view not found&#10;  (Session info: chrome=78.0.3904.108)&#10;Build info: version: &apos;3.7.1&apos;, revision: &apos;8a0099a&apos;, time: &apos;2017-11-06T21:01:39.354Z&apos;&#10;System info: host: &apos;DESKTOP-U6EV2CA&apos;, ip: &apos;10.60.0.85&apos;, os.name: &apos;Windows 10&apos;, os.arch: &apos;amd64&apos;, os.version: &apos;10.0&apos;, java.version: &apos;1.8.0_231&apos;&#10;Driver info: org.openqa.selenium.chrome.ChromeDriver&#10;Capabilities {acceptInsecureCerts: true, browserName: chrome, browserVersion: 78.0.3904.108, chrome: {chromedriverVersion: 78.0.3904.70 (edb9c9f3de024..., userDataDir: C:\Users\USER\AppData\Local...}, goog:chromeOptions: {debuggerAddress: localhost:50043}, javascriptEnabled: true, networkConnectionEnabled: false, pageLoadStrategy: normal, platform: XP, platformName: XP, proxy: Proxy(), setWindowRect: true, strictFileInteractability: false, timeouts: {implicit: 0, pageLoad: 300000, script: 30000}, unhandledPromptBehavior: dismiss and notify}&#10;Session ID: 5835911d1024648acd934be8fd061430" type="org.openqa.selenium.NoSuchWindowException">org.openqa.selenium.NoSuchWindowException: 
no such window: target window already closed
from unknown error: web view not found
  (Session info: chrome=78.0.3904.108)
Build info: version: '3.7.1', revision: '8a0099a', time: '2017-11-06T21:01:39.354Z'
System info: host: 'DESKTOP-U6EV2CA', ip: '10.60.0.85', os.name: 'Windows 10', os.arch: 'amd64', os.version: '10.0', java.version: '1.8.0_231'
Driver info: org.openqa.selenium.chrome.ChromeDriver
Capabilities {acceptInsecureCerts: true, browserName: chrome, browserVersion: 78.0.3904.108, chrome: {chromedriverVersion: 78.0.3904.70 (edb9c9f3de024..., userDataDir: C:\Users\USER\AppData\Local...}, goog:chromeOptions: {debuggerAddress: localhost:50043}, javascriptEnabled: true, networkConnectionEnabled: false, pageLoadStrategy: normal, platform: XP, platformName: XP, proxy: Proxy(), setWindowRect: true, strictFileInteractability: false, timeouts: {implicit: 0, pageLoad: 300000, script: 30000}, unhandledPromptBehavior: dismiss and notify}
Session ID: 5835911d1024648acd934be8fd061430
</failure>
  </testcase>
  <testcase name="afterTest" classname="com.clock.SalariumClockInAndOut" time="0">
    <skipped/>
  </testcase>
</testsuite>