<?xml version="1.0" encoding="UTF-8"?>
<!-- Generated by org.testng.reporters.JUnitReportReporter -->
<testsuite hostname="PACD-9VMZCK2-DX" failures="0" tests="1" name="com.seleniumbootcampframework.tests.BookAFlightTest" time="84.117" errors="0" timestamp="30 May 2019 07:22:56 GMT" skipped="0">
  <testcase classname="com.seleniumbootcampframework.tests.BookAFlightTest" name="bookAFlightWithRegisteredUserAndValidUserInformation" time="84.117"/>
</testsuite> <!-- com.seleniumbootcampframework.tests.BookAFlightTest -->
